2024-03-07T08:09:27+00:00 INFO Doing Task:set_settings
2024-03-07T08:09:28+00:00 INFO Task Done:set_settings
2024-03-07T08:09:28+00:00 INFO Doing Task:create_default_lists
2024-03-07T08:09:28+00:00 INFO Task Done:create_default_lists
2024-03-07T08:09:28+00:00 INFO Doing Task:create_contacts_and_add_to_list
2024-03-07T08:09:28+00:00 INFO Task Done:create_contacts_and_add_to_list
2024-03-07T08:09:28+00:00 INFO Doing Task:add_default_workflows
2024-03-07T08:09:28+00:00 INFO Task Done:add_default_workflows
2024-03-07T08:09:28+00:00 INFO Doing Task:create_default_newsletter_broadcast
2024-03-07T08:09:28+00:00 INFO Task Done:create_default_newsletter_broadcast
2024-03-07T08:09:28+00:00 INFO Doing Task:create_default_post_notification
2024-03-07T08:09:28+00:00 INFO Task Done:create_default_post_notification
2024-03-07T08:09:28+00:00 INFO Doing Task:create_default_subscription_form
2024-03-07T08:09:28+00:00 INFO Task Done:create_default_subscription_form
2024-03-07T08:09:28+00:00 INFO Doing Task:add_widget_to_sidebar
2024-03-07T08:09:28+00:00 INFO Task Failed:add_widget_to_sidebar
2024-03-07T08:10:00+00:00 INFO Doing Task:subscribe_to_es
2024-03-07T08:10:02+00:00 INFO Task Done:subscribe_to_es
2024-03-07T08:10:02+00:00 INFO Doing Task:save_final_configuration
2024-03-07T08:10:02+00:00 INFO Task Done:save_final_configuration
